{"/Users/carlovan/projects/strongpw/src/App.tsx": {"path":"/Users/carlovan/projects/strongpw/src/App.tsx","statementMap":{"0":{"start":{"line":8,"column":19},"end":{"line":42,"column":null}},"1":{"start":{"line":9,"column":2},"end":{"line":40,"column":null}}},"fnMap":{"0":{"name":"(anonymous_0)","decl":{"start":{"line":8,"column":19},"end":{"line":8,"column":25}},"loc":{"start":{"line":8,"column":25},"end":{"line":42,"column":null}}}},"branchMap":{},"s":{"0":1,"1":1},"f":{"0":1},"b":{}}
,"/Users/carlovan/projects/strongpw/src/index.tsx": {"path":"/Users/carlovan/projects/strongpw/src/index.tsx","statementMap":{"0":{"start":{"line":6,"column":0},"end":{"line":6,"column":null}}},"fnMap":{},"branchMap":{},"s":{"0":0},"f":{},"b":{}}
,"/Users/carlovan/projects/strongpw/src/components/Checkbox/index.tsx": {"path":"/Users/carlovan/projects/strongpw/src/components/Checkbox/index.tsx","statementMap":{"0":{"start":{"line":5,"column":24},"end":{"line":29,"column":null}},"1":{"start":{"line":18,"column":2},"end":{"line":29,"column":null}}},"fnMap":{"0":{"name":"(anonymous_0)","decl":{"start":{"line":5,"column":24},"end":{"line":5,"column":25}},"loc":{"start":{"line":18,"column":2},"end":{"line":29,"column":null}}}},"branchMap":{"0":{"loc":{"start":{"line":10,"column":2},"end":{"line":10,"column":null}},"type":"default-arg","locations":[{"start":{"line":10,"column":13},"end":{"line":10,"column":null}}]}},"s":{"0":3,"1":31},"f":{"0":31},"b":{"0":[3]}}
,"/Users/carlovan/projects/strongpw/src/components/GeneratePassword/index.tsx": {"path":"/Users/carlovan/projects/strongpw/src/components/GeneratePassword/index.tsx","statementMap":{"0":{"start":{"line":10,"column":32},"end":{"line":224,"column":null}},"1":{"start":{"line":11,"column":58},"end":{"line":11,"column":null}},"2":{"start":{"line":13,"column":42},"end":{"line":15,"column":null}},"3":{"start":{"line":17,"column":42},"end":{"line":21,"column":null}},"4":{"start":{"line":23,"column":22},"end":{"line":23,"column":null}},"5":{"start":{"line":25,"column":30},"end":{"line":25,"column":null}},"6":{"start":{"line":27,"column":34},"end":{"line":27,"column":null}},"7":{"start":{"line":29,"column":23},"end":{"line":51,"column":null}},"8":{"start":{"line":30,"column":4},"end":{"line":50,"column":null}},"9":{"start":{"line":31,"column":6},"end":{"line":49,"column":null}},"10":{"start":{"line":32,"column":27},"end":{"line":32,"column":null}},"11":{"start":{"line":34,"column":8},"end":{"line":34,"column":null}},"12":{"start":{"line":36,"column":26},"end":{"line":36,"column":null}},"13":{"start":{"line":38,"column":8},"end":{"line":46,"column":null}},"14":{"start":{"line":39,"column":24},"end":{"line":39,"column":null}},"15":{"start":{"line":41,"column":10},"end":{"line":41,"column":null}},"16":{"start":{"line":43,"column":10},"end":{"line":43,"column":null}},"17":{"start":{"line":45,"column":10},"end":{"line":45,"column":null}},"18":{"start":{"line":48,"column":8},"end":{"line":48,"column":null}},"19":{"start":{"line":53,"column":27},"end":{"line":75,"column":null}},"20":{"start":{"line":54,"column":4},"end":{"line":74,"column":null}},"21":{"start":{"line":55,"column":26},"end":{"line":63,"column":null}},"22":{"start":{"line":65,"column":6},"end":{"line":65,"column":null}},"23":{"start":{"line":67,"column":24},"end":{"line":67,"column":null}},"24":{"start":{"line":69,"column":6},"end":{"line":71,"column":null}},"25":{"start":{"line":70,"column":8},"end":{"line":70,"column":null}},"26":{"start":{"line":73,"column":6},"end":{"line":73,"column":null}},"27":{"start":{"line":77,"column":2},"end":{"line":87,"column":null}},"28":{"start":{"line":78,"column":4},"end":{"line":78,"column":null}},"29":{"start":{"line":89,"column":25},"end":{"line":91,"column":null}},"30":{"start":{"line":90,"column":4},"end":{"line":90,"column":null}},"31":{"start":{"line":90,"column":31},"end":{"line":90,"column":78}},"32":{"start":{"line":93,"column":35},"end":{"line":106,"column":null}},"33":{"start":{"line":94,"column":4},"end":{"line":94,"column":null}},"34":{"start":{"line":96,"column":22},"end":{"line":96,"column":null}},"35":{"start":{"line":98,"column":4},"end":{"line":98,"column":null}},"36":{"start":{"line":100,"column":4},"end":{"line":105,"column":null}},"37":{"start":{"line":100,"column":31},"end":{"line":105,"column":6}},"38":{"start":{"line":108,"column":24},"end":{"line":125,"column":null}},"39":{"start":{"line":109,"column":4},"end":{"line":124,"column":null}},"40":{"start":{"line":114,"column":6},"end":{"line":123,"column":null}},"41":{"start":{"line":120,"column":10},"end":{"line":120,"column":null}},"42":{"start":{"line":127,"column":2},"end":{"line":222,"column":null}},"43":{"start":{"line":135,"column":28},"end":{"line":135,"column":null}},"44":{"start":{"line":145,"column":28},"end":{"line":145,"column":null}},"45":{"start":{"line":163,"column":35},"end":{"line":163,"column":null}},"46":{"start":{"line":165,"column":12},"end":{"line":165,"column":null}},"47":{"start":{"line":167,"column":12},"end":{"line":181,"column":null}},"48":{"start":{"line":168,"column":34},"end":{"line":176,"column":null}},"49":{"start":{"line":178,"column":14},"end":{"line":178,"column":null}},"50":{"start":{"line":180,"column":14},"end":{"line":180,"column":null}}},"fnMap":{"0":{"name":"(anonymous_0)","decl":{"start":{"line":10,"column":32},"end":{"line":10,"column":33}},"loc":{"start":{"line":10,"column":66},"end":{"line":224,"column":null}}},"1":{"name":"(anonymous_1)","decl":{"start":{"line":29,"column":23},"end":{"line":29,"column":35}},"loc":{"start":{"line":29,"column":35},"end":{"line":51,"column":null}}},"2":{"name":"(anonymous_2)","decl":{"start":{"line":53,"column":27},"end":{"line":53,"column":33}},"loc":{"start":{"line":53,"column":33},"end":{"line":75,"column":null}}},"3":{"name":"(anonymous_3)","decl":{"start":{"line":77,"column":12},"end":{"line":77,"column":18}},"loc":{"start":{"line":77,"column":18},"end":{"line":79,"column":5}}},"4":{"name":"(anonymous_4)","decl":{"start":{"line":89,"column":25},"end":{"line":89,"column":26}},"loc":{"start":{"line":89,"column":69},"end":{"line":91,"column":null}}},"5":{"name":"(anonymous_5)","decl":{"start":{"line":90,"column":20},"end":{"line":90,"column":21}},"loc":{"start":{"line":90,"column":31},"end":{"line":90,"column":78}}},"6":{"name":"(anonymous_6)","decl":{"start":{"line":93,"column":35},"end":{"line":93,"column":36}},"loc":{"start":{"line":93,"column":62},"end":{"line":106,"column":null}}},"7":{"name":"(anonymous_7)","decl":{"start":{"line":100,"column":20},"end":{"line":100,"column":21}},"loc":{"start":{"line":100,"column":31},"end":{"line":105,"column":6}}},"8":{"name":"(anonymous_8)","decl":{"start":{"line":108,"column":24},"end":{"line":108,"column":30}},"loc":{"start":{"line":108,"column":30},"end":{"line":125,"column":null}}},"9":{"name":"(anonymous_9)","decl":{"start":{"line":113,"column":10},"end":{"line":113,"column":11}},"loc":{"start":{"line":114,"column":6},"end":{"line":123,"column":null}}},"10":{"name":"(anonymous_10)","decl":{"start":{"line":119,"column":26},"end":{"line":119,"column":null}},"loc":{"start":{"line":120,"column":10},"end":{"line":120,"column":null}}},"11":{"name":"(anonymous_11)","decl":{"start":{"line":135,"column":22},"end":{"line":135,"column":28}},"loc":{"start":{"line":135,"column":28},"end":{"line":135,"column":null}}},"12":{"name":"(anonymous_12)","decl":{"start":{"line":145,"column":22},"end":{"line":145,"column":28}},"loc":{"start":{"line":145,"column":28},"end":{"line":145,"column":null}}},"13":{"name":"(anonymous_13)","decl":{"start":{"line":162,"column":20},"end":{"line":162,"column":21}},"loc":{"start":{"line":162,"column":65},"end":{"line":182,"column":null}}}},"branchMap":{"0":{"loc":{"start":{"line":30,"column":4},"end":{"line":50,"column":null}},"type":"if","locations":[{"start":{"line":30,"column":4},"end":{"line":50,"column":null}},{"start":{"line":30,"column":4},"end":{"line":50,"column":null}}]},"1":{"loc":{"start":{"line":32,"column":27},"end":{"line":32,"column":null}},"type":"binary-expr","locations":[{"start":{"line":32,"column":27},"end":{"line":32,"column":62}},{"start":{"line":32,"column":62},"end":{"line":32,"column":null}}]},"2":{"loc":{"start":{"line":38,"column":8},"end":{"line":46,"column":null}},"type":"if","locations":[{"start":{"line":38,"column":8},"end":{"line":46,"column":null}},{"start":{"line":38,"column":8},"end":{"line":46,"column":null}}]},"3":{"loc":{"start":{"line":69,"column":6},"end":{"line":71,"column":null}},"type":"if","locations":[{"start":{"line":69,"column":6},"end":{"line":71,"column":null}},{"start":{"line":69,"column":6},"end":{"line":71,"column":null}}]},"4":{"loc":{"start":{"line":96,"column":22},"end":{"line":96,"column":null}},"type":"cond-expr","locations":[{"start":{"line":96,"column":60},"end":{"line":96,"column":64}},{"start":{"line":96,"column":64},"end":{"line":96,"column":null}}]},"5":{"loc":{"start":{"line":104,"column":18},"end":{"line":104,"column":null}},"type":"cond-expr","locations":[{"start":{"line":104,"column":56},"end":{"line":104,"column":74}},{"start":{"line":104,"column":74},"end":{"line":104,"column":null}}]},"6":{"loc":{"start":{"line":110,"column":6},"end":{"line":112,"column":null}},"type":"cond-expr","locations":[{"start":{"line":111,"column":10},"end":{"line":111,"column":null}},{"start":{"line":112,"column":10},"end":{"line":112,"column":null}}]},"7":{"loc":{"start":{"line":152,"column":9},"end":{"line":152,"column":null}},"type":"cond-expr","locations":[{"start":{"line":152,"column":50},"end":{"line":152,"column":70}},{"start":{"line":152,"column":70},"end":{"line":152,"column":null}}]},"8":{"loc":{"start":{"line":159,"column":15},"end":{"line":159,"column":null}},"type":"cond-expr","locations":[{"start":{"line":159,"column":56},"end":{"line":159,"column":61}},{"start":{"line":159,"column":61},"end":{"line":159,"column":null}}]},"9":{"loc":{"start":{"line":160,"column":15},"end":{"line":160,"column":null}},"type":"cond-expr","locations":[{"start":{"line":160,"column":56},"end":{"line":160,"column":62}},{"start":{"line":160,"column":62},"end":{"line":160,"column":null}}]}},"s":{"0":2,"1":14,"2":14,"3":14,"4":14,"5":14,"6":14,"7":14,"8":0,"9":0,"10":0,"11":0,"12":0,"13":0,"14":0,"15":0,"16":0,"17":0,"18":0,"19":14,"20":7,"21":7,"22":7,"23":7,"24":7,"25":7,"26":0,"27":14,"28":7,"29":14,"30":0,"31":0,"32":14,"33":0,"34":0,"35":0,"36":0,"37":0,"38":14,"39":14,"40":28,"41":0,"42":14,"43":0,"44":0,"45":0,"46":0,"47":0,"48":0,"49":0,"50":0},"f":{"0":14,"1":0,"2":7,"3":7,"4":0,"5":0,"6":0,"7":0,"8":14,"9":28,"10":0,"11":0,"12":0,"13":0},"b":{"0":[0,0],"1":[0,0],"2":[0,0],"3":[7,0],"4":[0,0],"5":[0,0],"6":[14,0],"7":[14,0],"8":[14,0],"9":[14,0]}}
,"/Users/carlovan/projects/strongpw/src/enums/passwordMode.ts": {"path":"/Users/carlovan/projects/strongpw/src/enums/passwordMode.ts","statementMap":{"0":{"start":{"line":1,"column":7},"end":{"line":1,"column":null}},"1":{"start":{"line":2,"column":2},"end":{"line":2,"column":null}},"2":{"start":{"line":3,"column":2},"end":{"line":3,"column":null}},"3":{"start":{"line":1,"column":18},"end":{"line":1,"column":null}}},"fnMap":{"0":{"name":"(anonymous_0)","decl":{"start":{"line":1,"column":7},"end":{"line":1,"column":18}},"loc":{"start":{"line":1,"column":7},"end":{"line":1,"column":null}}}},"branchMap":{"0":{"loc":{"start":{"line":1,"column":18},"end":{"line":1,"column":null}},"type":"binary-expr","locations":[{"start":{"line":1,"column":18},"end":{"line":1,"column":null}},{"start":{"line":1,"column":18},"end":{"line":1,"column":null}}]}},"s":{"0":3,"1":3,"2":3,"3":3},"f":{"0":3},"b":{"0":[3,3]}}
,"/Users/carlovan/projects/strongpw/src/functions/randomPassword.ts": {"path":"/Users/carlovan/projects/strongpw/src/functions/randomPassword.ts","statementMap":{"0":{"start":{"line":7,"column":30},"end":{"line":62,"column":null}},"1":{"start":{"line":16,"column":2},"end":{"line":33,"column":null}},"2":{"start":{"line":17,"column":4},"end":{"line":19,"column":null}},"3":{"start":{"line":18,"column":6},"end":{"line":18,"column":null}},"4":{"start":{"line":21,"column":4},"end":{"line":23,"column":null}},"5":{"start":{"line":22,"column":6},"end":{"line":22,"column":null}},"6":{"start":{"line":25,"column":61},"end":{"line":30,"column":null}},"7":{"start":{"line":32,"column":4},"end":{"line":32,"column":null}},"8":{"start":{"line":35,"column":2},"end":{"line":37,"column":null}},"9":{"start":{"line":36,"column":4},"end":{"line":36,"column":null}},"10":{"start":{"line":39,"column":2},"end":{"line":41,"column":null}},"11":{"start":{"line":40,"column":4},"end":{"line":40,"column":null}},"12":{"start":{"line":43,"column":2},"end":{"line":45,"column":null}},"13":{"start":{"line":44,"column":4},"end":{"line":44,"column":null}},"14":{"start":{"line":47,"column":2},"end":{"line":49,"column":null}},"15":{"start":{"line":48,"column":4},"end":{"line":48,"column":null}},"16":{"start":{"line":51,"column":2},"end":{"line":53,"column":null}},"17":{"start":{"line":52,"column":4},"end":{"line":52,"column":null}},"18":{"start":{"line":55,"column":2},"end":{"line":61,"column":null}}},"fnMap":{"0":{"name":"(anonymous_0)","decl":{"start":{"line":7,"column":30},"end":{"line":7,"column":null}},"loc":{"start":{"line":15,"column":13},"end":{"line":62,"column":null}}}},"branchMap":{"0":{"loc":{"start":{"line":16,"column":2},"end":{"line":33,"column":null}},"type":"if","locations":[{"start":{"line":16,"column":2},"end":{"line":33,"column":null}},{"start":{"line":16,"column":2},"end":{"line":33,"column":null}}]},"1":{"loc":{"start":{"line":17,"column":4},"end":{"line":19,"column":null}},"type":"if","locations":[{"start":{"line":17,"column":4},"end":{"line":19,"column":null}},{"start":{"line":17,"column":4},"end":{"line":19,"column":null}}]},"2":{"loc":{"start":{"line":17,"column":8},"end":{"line":17,"column":60}},"type":"binary-expr","locations":[{"start":{"line":17,"column":8},"end":{"line":17,"column":28}},{"start":{"line":17,"column":28},"end":{"line":17,"column":60}}]},"3":{"loc":{"start":{"line":21,"column":4},"end":{"line":23,"column":null}},"type":"if","locations":[{"start":{"line":21,"column":4},"end":{"line":23,"column":null}},{"start":{"line":21,"column":4},"end":{"line":23,"column":null}}]},"4":{"loc":{"start":{"line":21,"column":8},"end":{"line":21,"column":66}},"type":"binary-expr","locations":[{"start":{"line":21,"column":8},"end":{"line":21,"column":31}},{"start":{"line":21,"column":31},"end":{"line":21,"column":66}}]},"5":{"loc":{"start":{"line":35,"column":2},"end":{"line":37,"column":null}},"type":"if","locations":[{"start":{"line":35,"column":2},"end":{"line":37,"column":null}},{"start":{"line":35,"column":2},"end":{"line":37,"column":null}}]},"6":{"loc":{"start":{"line":39,"column":2},"end":{"line":41,"column":null}},"type":"if","locations":[{"start":{"line":39,"column":2},"end":{"line":41,"column":null}},{"start":{"line":39,"column":2},"end":{"line":41,"column":null}}]},"7":{"loc":{"start":{"line":39,"column":6},"end":{"line":39,"column":62}},"type":"binary-expr","locations":[{"start":{"line":39,"column":6},"end":{"line":39,"column":28}},{"start":{"line":39,"column":28},"end":{"line":39,"column":62}}]},"8":{"loc":{"start":{"line":43,"column":2},"end":{"line":45,"column":null}},"type":"if","locations":[{"start":{"line":43,"column":2},"end":{"line":45,"column":null}},{"start":{"line":43,"column":2},"end":{"line":45,"column":null}}]},"9":{"loc":{"start":{"line":43,"column":6},"end":{"line":43,"column":62}},"type":"binary-expr","locations":[{"start":{"line":43,"column":6},"end":{"line":43,"column":28}},{"start":{"line":43,"column":28},"end":{"line":43,"column":62}}]},"10":{"loc":{"start":{"line":47,"column":2},"end":{"line":49,"column":null}},"type":"if","locations":[{"start":{"line":47,"column":2},"end":{"line":49,"column":null}},{"start":{"line":47,"column":2},"end":{"line":49,"column":null}}]},"11":{"loc":{"start":{"line":47,"column":6},"end":{"line":47,"column":58}},"type":"binary-expr","locations":[{"start":{"line":47,"column":6},"end":{"line":47,"column":26}},{"start":{"line":47,"column":26},"end":{"line":47,"column":58}}]},"12":{"loc":{"start":{"line":51,"column":2},"end":{"line":53,"column":null}},"type":"if","locations":[{"start":{"line":51,"column":2},"end":{"line":53,"column":null}},{"start":{"line":51,"column":2},"end":{"line":53,"column":null}}]},"13":{"loc":{"start":{"line":51,"column":6},"end":{"line":51,"column":58}},"type":"binary-expr","locations":[{"start":{"line":51,"column":6},"end":{"line":51,"column":26}},{"start":{"line":51,"column":26},"end":{"line":51,"column":58}}]}},"s":{"0":3,"1":24,"2":5,"3":1,"4":4,"5":1,"6":3,"7":3,"8":19,"9":1,"10":18,"11":1,"12":17,"13":1,"14":16,"15":1,"16":15,"17":1,"18":14},"f":{"0":24},"b":{"0":[5,19],"1":[1,4],"2":[5,5],"3":[1,3],"4":[4,4],"5":[1,18],"6":[1,17],"7":[18,18],"8":[1,16],"9":[17,17],"10":[1,15],"11":[16,16],"12":[1,14],"13":[15,15]}}
,"/Users/carlovan/projects/strongpw/src/functions/generate/generateSecurePassword.ts": {"path":"/Users/carlovan/projects/strongpw/src/functions/generate/generateSecurePassword.ts","statementMap":{"0":{"start":{"line":5,"column":38},"end":{"line":57,"column":null}},"1":{"start":{"line":8,"column":25},"end":{"line":8,"column":null}},"2":{"start":{"line":10,"column":25},"end":{"line":10,"column":null}},"3":{"start":{"line":12,"column":22},"end":{"line":12,"column":null}},"4":{"start":{"line":14,"column":22},"end":{"line":14,"column":null}},"5":{"start":{"line":16,"column":22},"end":{"line":16,"column":null}},"6":{"start":{"line":18,"column":2},"end":{"line":18,"column":null}},"7":{"start":{"line":18,"column":25},"end":{"line":18,"column":null}},"8":{"start":{"line":20,"column":2},"end":{"line":20,"column":null}},"9":{"start":{"line":20,"column":25},"end":{"line":20,"column":null}},"10":{"start":{"line":22,"column":2},"end":{"line":22,"column":null}},"11":{"start":{"line":22,"column":23},"end":{"line":22,"column":null}},"12":{"start":{"line":24,"column":2},"end":{"line":24,"column":null}},"13":{"start":{"line":24,"column":23},"end":{"line":24,"column":null}},"14":{"start":{"line":26,"column":2},"end":{"line":28,"column":null}},"15":{"start":{"line":27,"column":4},"end":{"line":27,"column":null}},"16":{"start":{"line":30,"column":23},"end":{"line":30,"column":null}},"17":{"start":{"line":32,"column":2},"end":{"line":32,"column":null}},"18":{"start":{"line":33,"column":17},"end":{"line":33,"column":null}},"19":{"start":{"line":35,"column":24},"end":{"line":40,"column":null}},"20":{"start":{"line":42,"column":2},"end":{"line":48,"column":null}},"21":{"start":{"line":43,"column":4},"end":{"line":47,"column":null}},"22":{"start":{"line":44,"column":26},"end":{"line":44,"column":null}},"23":{"start":{"line":46,"column":6},"end":{"line":46,"column":null}},"24":{"start":{"line":50,"column":2},"end":{"line":54,"column":null}},"25":{"start":{"line":50,"column":15},"end":{"line":50,"column":32}},"26":{"start":{"line":51,"column":24},"end":{"line":51,"column":null}},"27":{"start":{"line":53,"column":4},"end":{"line":53,"column":null}},"28":{"start":{"line":56,"column":2},"end":{"line":56,"column":null}}},"fnMap":{"0":{"name":"(anonymous_0)","decl":{"start":{"line":5,"column":38},"end":{"line":5,"column":null}},"loc":{"start":{"line":7,"column":13},"end":{"line":57,"column":null}}}},"branchMap":{"0":{"loc":{"start":{"line":18,"column":2},"end":{"line":18,"column":null}},"type":"if","locations":[{"start":{"line":18,"column":2},"end":{"line":18,"column":null}},{"start":{"line":18,"column":2},"end":{"line":18,"column":null}}]},"1":{"loc":{"start":{"line":20,"column":2},"end":{"line":20,"column":null}},"type":"if","locations":[{"start":{"line":20,"column":2},"end":{"line":20,"column":null}},{"start":{"line":20,"column":2},"end":{"line":20,"column":null}}]},"2":{"loc":{"start":{"line":22,"column":2},"end":{"line":22,"column":null}},"type":"if","locations":[{"start":{"line":22,"column":2},"end":{"line":22,"column":null}},{"start":{"line":22,"column":2},"end":{"line":22,"column":null}}]},"3":{"loc":{"start":{"line":24,"column":2},"end":{"line":24,"column":null}},"type":"if","locations":[{"start":{"line":24,"column":2},"end":{"line":24,"column":null}},{"start":{"line":24,"column":2},"end":{"line":24,"column":null}}]},"4":{"loc":{"start":{"line":26,"column":2},"end":{"line":28,"column":null}},"type":"if","locations":[{"start":{"line":26,"column":2},"end":{"line":28,"column":null}},{"start":{"line":26,"column":2},"end":{"line":28,"column":null}}]},"5":{"loc":{"start":{"line":43,"column":4},"end":{"line":47,"column":null}},"type":"if","locations":[{"start":{"line":43,"column":4},"end":{"line":47,"column":null}},{"start":{"line":43,"column":4},"end":{"line":47,"column":null}}]}},"s":{"0":4,"1":18,"2":18,"3":18,"4":18,"5":18,"6":18,"7":14,"8":18,"9":13,"10":18,"11":15,"12":18,"13":15,"14":18,"15":1,"16":17,"17":17,"18":17,"19":17,"20":17,"21":68,"22":57,"23":57,"24":17,"25":17,"26":619,"27":619,"28":17},"f":{"0":18},"b":{"0":[14,4],"1":[13,5],"2":[15,3],"3":[15,3],"4":[1,17],"5":[57,11]}}
,"/Users/carlovan/projects/strongpw/src/functions/generate/shufflePassword.ts": {"path":"/Users/carlovan/projects/strongpw/src/functions/generate/shufflePassword.ts","statementMap":{"0":{"start":{"line":1,"column":31},"end":{"line":11,"column":null}},"1":{"start":{"line":2,"column":16},"end":{"line":2,"column":null}},"2":{"start":{"line":4,"column":2},"end":{"line":8,"column":null}},"3":{"start":{"line":4,"column":15},"end":{"line":4,"column":33}},"4":{"start":{"line":5,"column":14},"end":{"line":5,"column":null}},"5":{"start":{"line":7,"column":4},"end":{"line":7,"column":null}},"6":{"start":{"line":10,"column":2},"end":{"line":10,"column":null}}},"fnMap":{"0":{"name":"(anonymous_0)","decl":{"start":{"line":1,"column":31},"end":{"line":1,"column":32}},"loc":{"start":{"line":1,"column":61},"end":{"line":11,"column":null}}}},"branchMap":{},"s":{"0":4,"1":18,"2":18,"3":18,"4":692,"5":692,"6":18},"f":{"0":18},"b":{}}
}
